Virtual User Script started at: 05/05/2020 14:41:57
Starting action vuser_init.
Web Turbo Replay of LoadRunner 2020.0.0 for Windows 10; build 793 (nov 27 2019 19:51:20)  	[MsgId: MMSG-26983]
Run mode: HTML  	[MsgId: MMSG-26993]
Replay user agent: Mozilla/5.0 (Windows NT 10.0; Win64; x64) AppleWebKit/537.36 (KHTML, like Gecko) Chrome/81.0.4044.129 Safari/537.36  	[MsgId: MMSG-26988]
Runtime Settings file: "C:\Users\giuli\Documents\VuGen\Scripts\WebHttpHtml1\\default.cfg"  	[MsgId: MMSG-27141]
Ending action vuser_init.
Running Vuser...
Starting iteration 1.
Maximum number of concurrent connections per server: 6  	[MsgId: MMSG-26989]
Starting action Action.
Action.c(4): web_url("desc") started  	[MsgId: MMSG-26355]
Action.c(4): web_url("desc") was successful, 903 body bytes, 185 header bytes  	[MsgId: MMSG-26386]
Action.c(12): web_set_sockets_option started  	[MsgId: MMSG-26355]
Action.c(12): web_set_sockets_option was successful  	[MsgId: MMSG-26392]
Action.c(14): web_add_header("Sec-Fetch-Mode") started  	[MsgId: MMSG-26355]
Action.c(14): web_add_header("Sec-Fetch-Mode") was successful  	[MsgId: MMSG-26392]
Action.c(17): web_add_header("A-IM") started  	[MsgId: MMSG-26355]
Action.c(17): web_add_header("A-IM") was successful  	[MsgId: MMSG-26392]
Action.c(20): web_add_auto_header("Sec-Fetch-Dest") started  	[MsgId: MMSG-26355]
Action.c(20): web_add_auto_header("Sec-Fetch-Dest") was successful  	[MsgId: MMSG-26392]
Action.c(23): web_add_auto_header("Sec-Fetch-Site") started  	[MsgId: MMSG-26355]
Action.c(23): web_add_auto_header("Sec-Fetch-Site") was successful  	[MsgId: MMSG-26392]
Action.c(26): web_url("seed") started  	[MsgId: MMSG-26355]
Action.c(26): HTML parsing not performed for Content-Type "application/x-gzip" ("ParseHtmlContentType" Runtime Setting is "TEXT"). URL="https://clientservices.googleapis.com/chrome-variations/seed?osname=win&channel=stable&milestone=81"  	[MsgId: MMSG-26548]
Action.c(26): web_url("seed") was successful, 23636 body bytes, 504 header bytes  	[MsgId: MMSG-26386]
Action.c(34): web_add_cookie started  	[MsgId: MMSG-26355]
Action.c(34): web_add_cookie was successful  	[MsgId: MMSG-26392]
Action.c(36): web_add_cookie started  	[MsgId: MMSG-26355]
Action.c(36): web_add_cookie was successful  	[MsgId: MMSG-26392]
Action.c(38): web_add_cookie started  	[MsgId: MMSG-26355]
Action.c(38): web_add_cookie was successful  	[MsgId: MMSG-26392]
Action.c(40): web_add_cookie started  	[MsgId: MMSG-26355]
Action.c(40): web_add_cookie was successful  	[MsgId: MMSG-26392]
Action.c(42): web_add_auto_header("Sec-Fetch-Mode") started  	[MsgId: MMSG-26355]
Action.c(42): web_add_auto_header("Sec-Fetch-Mode") was successful  	[MsgId: MMSG-26392]
Action.c(45): web_url("GetUsers.action") started  	[MsgId: MMSG-26355]
Action.c(45): web_url("GetUsers.action") was successful, 18 body bytes, 341 header bytes  	[MsgId: MMSG-26386]
Action.c(54): web_add_auto_header("Origin") started  	[MsgId: MMSG-26355]
Action.c(54): web_add_auto_header("Origin") was successful  	[MsgId: MMSG-26392]
Action.c(57): web_add_auto_header("X-Evernote-Agent") started  	[MsgId: MMSG-26355]
Action.c(57): web_add_auto_header("X-Evernote-Agent") was successful  	[MsgId: MMSG-26392]
Action.c(60): web_custom_request("user") started  	[MsgId: MMSG-26355]
Action.c(60): web_custom_request("user") was successful, 57 body bytes, 399 header bytes  	[MsgId: MMSG-26386]
Action.c(72): web_custom_request("user_2") started  	[MsgId: MMSG-26355]
Action.c(72): web_custom_request("user_2") was successful, 61 body bytes, 400 header bytes  	[MsgId: MMSG-26386]
Action.c(84): web_remove_auto_header("Origin") started  	[MsgId: MMSG-26355]
Action.c(84): Previous automatically added web header for "Origin" removed  	[MsgId: MMSG-26587]
Action.c(84): web_remove/revert_auto_header("Origin") was successful  	[MsgId: MMSG-26392]
Action.c(86): web_remove_auto_header("Sec-Fetch-Dest") started  	[MsgId: MMSG-26355]
Action.c(86): Previous automatically added web header for "Sec-Fetch-Dest" removed  	[MsgId: MMSG-26587]
Action.c(86): web_remove/revert_auto_header("Sec-Fetch-Dest") was successful  	[MsgId: MMSG-26392]
Action.c(88): web_remove_auto_header("Sec-Fetch-Mode") started  	[MsgId: MMSG-26355]
Action.c(88): Previous automatically added web header for "Sec-Fetch-Mode" removed  	[MsgId: MMSG-26587]
Action.c(88): web_remove/revert_auto_header("Sec-Fetch-Mode") was successful  	[MsgId: MMSG-26392]
Action.c(90): web_remove_auto_header("Sec-Fetch-Site") started  	[MsgId: MMSG-26355]
Action.c(90): Previous automatically added web header for "Sec-Fetch-Site" removed  	[MsgId: MMSG-26587]
Action.c(90): web_remove/revert_auto_header("Sec-Fetch-Site") was successful  	[MsgId: MMSG-26392]
Action.c(92): web_remove_auto_header("X-Evernote-Agent") started  	[MsgId: MMSG-26355]
Action.c(92): Previous automatically added web header for "X-Evernote-Agent" removed  	[MsgId: MMSG-26587]
Action.c(92): web_remove/revert_auto_header("X-Evernote-Agent") was successful  	[MsgId: MMSG-26392]
Action.c(94): web_add_header("Upgrade-Insecure-Requests") started  	[MsgId: MMSG-26355]
Action.c(94): web_add_header("Upgrade-Insecure-Requests") was successful  	[MsgId: MMSG-26392]
Action.c(97): web_url("www.giulioscuro.it") started  	[MsgId: MMSG-26355]
Action.c(97): Redirecting "http://www.giulioscuro.it/" (redirection depth is 0)  	[MsgId: MMSG-26694]
Action.c(97): To location "http://giulioscuro.it/"  	[MsgId: MMSG-26693]
Action.c(97): Downloading resource "http://giulioscuro.it/wp-content/themes/radiate/js/navigation.js?ver=20120206" (specified by argument number 9)  	[MsgId: MMSG-26577]
Action.c(97): Downloading resource "http://giulioscuro.it/wp-content/themes/radiate/js/custom.js?ver=5.4.1" (specified by argument number 12)  	[MsgId: MMSG-26577]
Action.c(97): Downloading resource "http://giulioscuro.it/wp-content/themes/radiate/js/skip-link-focus-fix.js?ver=20130115" (specified by argument number 15)  	[MsgId: MMSG-26577]
Action.c(97): Downloading resource "http://fonts.gstatic.com/s/merriweather/v21/u-4n0qyriQwlOrhSvowK_l521wRZWMf6.woff2" (specified by argument number 18)  	[MsgId: MMSG-26577]
Action.c(97): Downloading resource "http://giulioscuro.it/wp-includes/js/wp-embed.min.js?ver=5.4.1" (specified by argument number 21)  	[MsgId: MMSG-26577]
Action.c(97): Downloading resource "http://fonts.gstatic.com/s/roboto/v20/KFOmCnqEu92Fr1Mu4mxK.woff2" (specified by argument number 24)  	[MsgId: MMSG-26577]
Action.c(97): Downloading resource "http://giulioscuro.it/wp-includes/js/wp-emoji-release.min.js?ver=5.4.1" (specified by argument number 27)  	[MsgId: MMSG-26577]
Action.c(97): Downloading resource "http://fonts.gstatic.com/s/merriweather/v21/u-440qyriQwlOrhSvowK_l5-fCZM.woff2" (specified by argument number 30)  	[MsgId: MMSG-26577]
Action.c(97): Downloading resource "http://giulioscuro.it/wp-content/themes/radiate/images/header/header-image-one.jpg" (specified by argument number 33)  	[MsgId: MMSG-26577]
Action.c(97): Downloading resource "http://giulioscuro.it/wp-admin/images/w-logo-blue.png" (specified by argument number 36)  	[MsgId: MMSG-26577]
Action.c(97): Found resource "http://giulioscuro.it/wp-content/plugins/the-events-calendar/common/src/resources/css/common-skeleton.min.css?ver=4.11.5.1" in HTML "http://giulioscuro.it/"  	[MsgId: MMSG-26659]
Action.c(97): Found resource "http://giulioscuro.it/wp-content/plugins/the-events-calendar/common/src/resources/css/tooltip.min.css?ver=4.11.5.1" in HTML "http://giulioscuro.it/"  	[MsgId: MMSG-26659]
Action.c(97): Found resource "http://giulioscuro.it/wp-includes/css/dist/block-library/style.min.css?ver=5.4.1" in HTML "http://giulioscuro.it/"  	[MsgId: MMSG-26659]
Action.c(97): Found resource "http://giulioscuro.it/wp-content/themes/radiate/style.css?ver=5.4.1" in HTML "http://giulioscuro.it/"  	[MsgId: MMSG-26659]
Action.c(97): Found resource "http://fonts.googleapis.com/css?family=Roboto%7CMerriweather%3A400%2C300&ver=5.4.1" in HTML "http://giulioscuro.it/"  	[MsgId: MMSG-26659]
Action.c(97): Found resource "http://giulioscuro.it/wp-content/themes/radiate/genericons/genericons.css?ver=3.3.1" in HTML "http://giulioscuro.it/"  	[MsgId: MMSG-26659]
Action.c(97): Found resource "http://giulioscuro.it/wp-content/plugins/1and1-wordpress-assistant/js/cookies.js?ver=5.4.1" in HTML "http://giulioscuro.it/"  	[MsgId: MMSG-26659]
Action.c(97): Found resource "http://giulioscuro.it/wp-includes/js/jquery/jquery.js?ver=1.12.4-wp" in HTML "http://giulioscuro.it/"  	[MsgId: MMSG-26659]
Action.c(97): Found resource "http://giulioscuro.it/wp-includes/js/jquery/jquery-migrate.min.js?ver=1.4.1" in HTML "http://giulioscuro.it/"  	[MsgId: MMSG-26659]
Action.c(97): web_url("www.giulioscuro.it") was successful, 457208 body bytes, 8363 header bytes, 30 chunking overhead bytes  	[MsgId: MMSG-26385]
Action.c(117): Notify: Transaction "1_transaction" started.
Action.c(119): Notify: Transaction "1_transaction" ended with a "Pass" status (Duration: 0,0018).
Ending action Action.
Ending iteration 1.
Ending Vuser...
Starting action vuser_end.
Ending action vuser_end.
Vuser Terminated.
